C:\USERS\ANDREW\DOCUMENTS\C WORKSPACE\SCANNER\VS\SCANNER\RELEASE\SCANNER.DLL
C:\Users\Andrew\Documents\C Workspace\Scanner\VS\Scanner\Release\Scanner.exp
C:\USERS\ANDREW\DOCUMENTS\C WORKSPACE\SCANNER\VS\SCANNER\RELEASE\SCANNER.LIB
C:\USERS\ANDREW\DOCUMENTS\C WORKSPACE\SCANNER\VS\SCANNER\RELEASE\SCANNER.PDB
C:\USERS\ANDREW\DOCUMENTS\C WORKSPACE\SCANNER\VS\SCANNER\SCANNER\RELEASE\APP.RES
C:\Users\Andrew\Documents\C Workspace\Scanner\VS\Scanner\Scanner\Release\cl.command.1.tlog
C:\Users\Andrew\Documents\C Workspace\Scanner\VS\Scanner\Scanner\Release\CL.read.1.tlog
C:\Users\Andrew\Documents\C Workspace\Scanner\VS\Scanner\Scanner\Release\CL.write.1.tlog
C:\Users\Andrew\Documents\C Workspace\Scanner\VS\Scanner\Scanner\Release\lib.command.1.tlog
C:\Users\Andrew\Documents\C Workspace\Scanner\VS\Scanner\Scanner\Release\Lib-link.read.1.tlog
C:\Users\Andrew\Documents\C Workspace\Scanner\VS\Scanner\Scanner\Release\Lib-link.write.1.tlog
C:\Users\Andrew\Documents\C Workspace\Scanner\VS\Scanner\Scanner\Release\Lib-link-cvtres.read.1.tlog
C:\Users\Andrew\Documents\C Workspace\Scanner\VS\Scanner\Scanner\Release\Lib-link-cvtres.write.1.tlog
C:\Users\Andrew\Documents\C Workspace\Scanner\VS\Scanner\Scanner\Release\link.command.1.tlog
C:\Users\Andrew\Documents\C Workspace\Scanner\VS\Scanner\Scanner\Release\link.read.1.tlog
C:\Users\Andrew\Documents\C Workspace\Scanner\VS\Scanner\Scanner\Release\link.write.1.tlog
C:\Users\Andrew\Documents\C Workspace\Scanner\VS\Scanner\Scanner\Release\link-cvtres.read.1.tlog
C:\Users\Andrew\Documents\C Workspace\Scanner\VS\Scanner\Scanner\Release\link-cvtres.write.1.tlog
C:\Users\Andrew\Documents\C Workspace\Scanner\VS\Scanner\Scanner\Release\mt.command.1.tlog
C:\Users\Andrew\Documents\C Workspace\Scanner\VS\Scanner\Scanner\Release\mt.read.1.tlog
C:\Users\Andrew\Documents\C Workspace\Scanner\VS\Scanner\Scanner\Release\mt.write.1.tlog
C:\Users\Andrew\Documents\C Workspace\Scanner\VS\Scanner\Scanner\Release\rc.command.1.tlog
C:\Users\Andrew\Documents\C Workspace\Scanner\VS\Scanner\Scanner\Release\rc.read.1.tlog
C:\Users\Andrew\Documents\C Workspace\Scanner\VS\Scanner\Scanner\Release\rc.write.1.tlog
C:\USERS\ANDREW\DOCUMENTS\C WORKSPACE\SCANNER\VS\SCANNER\SCANNER\RELEASE\SCANNER.DLL.INTERMEDIATE.MANIFEST
C:\USERS\ANDREW\DOCUMENTS\C WORKSPACE\SCANNER\VS\SCANNER\SCANNER\RELEASE\SCANNER.OBJ
C:\USERS\ANDREW\DOCUMENTS\C WORKSPACE\SCANNER\VS\SCANNER\SCANNER\RELEASE\SCANNER.PCH
C:\Users\Andrew\Documents\C Workspace\Scanner\VS\Scanner\Scanner\Release\Scanner.write.1.tlog
C:\USERS\ANDREW\DOCUMENTS\C WORKSPACE\SCANNER\VS\SCANNER\SCANNER\RELEASE\STDAFX.OBJ
C:\USERS\ANDREW\DOCUMENTS\C WORKSPACE\SCANNER\VS\SCANNER\SCANNER\RELEASE\VC100.PDB
