D:\ANDREW\DOCUMENTS\PROGRAMMING PROJECTS\C\SCANNER\VS\SCANNER\SCANNER\DEBUG\SCANNER.PCH
D:\ANDREW\DOCUMENTS\PROGRAMMING PROJECTS\C\SCANNER\VS\SCANNER\SCANNER\DEBUG\STDAFX.OBJ
D:\ANDREW\DOCUMENTS\PROGRAMMING PROJECTS\C\SCANNER\VS\SCANNER\SCANNER\DEBUG\VC100.PDB
D:\ANDREW\DOCUMENTS\PROGRAMMING PROJECTS\C\SCANNER\VS\SCANNER\SCANNER\DEBUG\SCANNER.OBJ
D:\ANDREW\DOCUMENTS\PROGRAMMING PROJECTS\C\SCANNER\VS\SCANNER\DEBUG\SCANNER.LIB
D:\ANDREW\DOCUMENTS\PROGRAMMING PROJECTS\C\SCANNER\VS\SCANNER\SCANNER\DEBUG\APP.RES
D:\Andrew\Documents\Programming Projects\C\Scanner\VS\Scanner\Scanner\Debug\Scanner.vcxprojResolveAssemblyReference.cache
D:\Andrew\Documents\Programming Projects\C\Scanner\VS\Scanner\Scanner\Debug\scanner.obj
D:\Andrew\Documents\Programming Projects\C\Scanner\VS\Scanner\Scanner\Debug\Stdafx.obj
D:\Andrew\Documents\Programming Projects\C\Scanner\VS\Scanner\Scanner\Debug\cl.command.1.tlog
D:\Andrew\Documents\Programming Projects\C\Scanner\VS\Scanner\Scanner\Debug\CL.read.1.tlog
D:\Andrew\Documents\Programming Projects\C\Scanner\VS\Scanner\Scanner\Debug\CL.write.1.tlog
D:\Andrew\Documents\Programming Projects\C\Scanner\VS\Scanner\Scanner\Debug\Lib-link-cvtres.read.1.tlog
D:\Andrew\Documents\Programming Projects\C\Scanner\VS\Scanner\Scanner\Debug\Lib-link-cvtres.write.1.tlog
D:\Andrew\Documents\Programming Projects\C\Scanner\VS\Scanner\Scanner\Debug\Lib-link.read.1.tlog
D:\Andrew\Documents\Programming Projects\C\Scanner\VS\Scanner\Scanner\Debug\Lib-link.write.1.tlog
D:\Andrew\Documents\Programming Projects\C\Scanner\VS\Scanner\Scanner\Debug\lib.command.1.tlog
D:\Andrew\Documents\Programming Projects\C\Scanner\VS\Scanner\Scanner\Debug\rc.command.1.tlog
D:\Andrew\Documents\Programming Projects\C\Scanner\VS\Scanner\Scanner\Debug\rc.read.1.tlog
D:\Andrew\Documents\Programming Projects\C\Scanner\VS\Scanner\Scanner\Debug\rc.write.1.tlog
D:\Andrew\Documents\Programming Projects\C\Scanner\VS\Scanner\Scanner\Debug\Scanner.write.1.tlog
D:\Andrew\Documents\Programming Projects\C\Scanner\VS\Scanner\Scanner\Debug\app.res
D:\Andrew\Documents\Programming Projects\C\Scanner\VS\Scanner\Scanner\Debug\Scanner.pch
D:\Andrew\Documents\Programming Projects\C\Scanner\VS\Scanner\Scanner\Debug\vc100.idb
D:\Andrew\Documents\Programming Projects\C\Scanner\VS\Scanner\Scanner\Debug\vc100.pdb
D:\Andrew\Documents\Programming Projects\C\Scanner\VS\Scanner\Debug\Scanner.lib
